<?xml version="1.0" encoding="UTF-8"?>
<testng-results ignored="0" total="4" passed="4" failed="0" skipped="0">
  <reporter-output>
  </reporter-output>
  <suite started-at="2024-11-26T23:28:48 IST" name="Default suite" finished-at="2024-11-26T23:29:44 IST" duration-ms="55340">
    <groups>
    </groups>
    <test started-at="2024-11-26T23:28:48 IST" name="Default test" finished-at="2024-11-26T23:29:44 IST" duration-ms="55340">
      <class name="tradeOxy.TradeOxy24">
        <test-method is-config="true" signature="launch()[pri:0, instance:tradeOxy.TradeOxy24@59402b8f]" started-at="2024-11-26T23:28:48 IST" name="launch" finished-at="2024-11-26T23:29:19 IST" duration-ms="30698" status="PASS">
          <reporter-output>
          </reporter-output>
        </test-method> <!-- launch -->
        <test-method signature="verifyPageTitle()[pri:1, instance:tradeOxy.TradeOxy24@59402b8f]" started-at="2024-11-26T23:29:19 IST" name="verifyPageTitle" finished-at="2024-11-26T23:29:19 IST" duration-ms="114" status="PASS">
          <reporter-output>
          </reporter-output>
        </test-method> <!-- verifyPageTitle -->
        <test-method signature="testLoginForm()[pri:2, instance:tradeOxy.TradeOxy24@59402b8f]" started-at="2024-11-26T23:29:19 IST" name="testLoginForm" finished-at="2024-11-26T23:29:30 IST" duration-ms="10219" status="PASS">
          <reporter-output>
          </reporter-output>
        </test-method> <!-- testLoginForm -->
        <test-method signature="verifyElementPresence()[pri:3, instance:tradeOxy.TradeOxy24@59402b8f]" started-at="2024-11-26T23:29:30 IST" name="verifyElementPresence" finished-at="2024-11-26T23:29:40 IST" duration-ms="10038" status="PASS">
          <reporter-output>
          </reporter-output>
        </test-method> <!-- verifyElementPresence -->
        <test-method signature="tearDown()[pri:4, instance:tradeOxy.TradeOxy24@59402b8f]" started-at="2024-11-26T23:29:40 IST" name="tearDown" finished-at="2024-11-26T23:29:44 IST" duration-ms="3872" status="PASS">
          <reporter-output>
          </reporter-output>
        </test-method> <!-- tearDown -->
      </class> <!-- tradeOxy.TradeOxy24 -->
    </test> <!-- Default test -->
  </suite> <!-- Default suite -->
</testng-results>
