<?xml version="1.0" encoding="UTF-8"?>
<!-- Generated by org.testng.reporters.JUnitXMLReporter -->
<testsuite ignored="0" hostname="DESKTOP-4E6H13B" failures="0" tests="4" name="Default test" time="55.34" errors="0" timestamp="2024-11-26T23:29:44 IST">
  <testcase classname="tradeOxy.TradeOxy24" name="verifyPageTitle" time="0.114"/>
  <testcase classname="tradeOxy.TradeOxy24" name="testLoginForm" time="10.219"/>
  <testcase classname="tradeOxy.TradeOxy24" name="verifyElementPresence" time="10.038"/>
  <testcase classname="tradeOxy.TradeOxy24" name="tearDown" time="3.872"/>
</testsuite> <!-- Default test -->
